<?xml version="1.0" encoding="UTF-8"?>
<!-- Generated by org.testng.reporters.JUnitReportReporter -->
<testsuite skipped="0" hostname="HANUMA-O6S338O" name="Demo_TestNG.Demo_TestNg.annotaion_1" tests="1" failures="0" timestamp="21 May 2020 17:46:22 GMT" time="0.007" errors="0">
  <testcase name="m3" time="0.007" classname="Demo_TestNG.Demo_TestNg.annotaion_1"/>
</testsuite> <!-- Demo_TestNG.Demo_TestNg.annotaion_1 -->
