<?xml version="1.0" encoding="UTF-8"?>
<!-- Generated by org.testng.reporters.JUnitReportReporter -->
<testsuite skipped="0" hostname="HANUMA-O6S338O" name="Demo_TestNG.Demo_TestNg.TC_Home" tests="2" failures="0" timestamp="22 May 2020 18:30:06 GMT" time="0.024" errors="0">
  <testcase name="TC_Home_02" time="0.005" classname="Demo_TestNG.Demo_TestNg.TC_Home"/>
  <testcase name="TC_Home_01" time="0.019" classname="Demo_TestNG.Demo_TestNg.TC_Home"/>
</testsuite> <!-- Demo_TestNG.Demo_TestNg.TC_Home -->
