<?xml version="1.0" encoding="UTF-8"?>
<!-- Generated by org.testng.reporters.JUnitReportReporter -->
<testsuite skipped="0" hostname="HANUMA-O6S338O" name="Demo_TestNG.Demo_TestNg.annotations" tests="1" failures="0" timestamp="21 May 2020 17:46:47 GMT" time="0.010" errors="0">
  <testcase name="m11" time="0.010" classname="Demo_TestNG.Demo_TestNg.annotations"/>
</testsuite> <!-- Demo_TestNG.Demo_TestNg.annotations -->
