<?xml version="1.0" encoding="UTF-8"?>
<!-- Generated by org.testng.reporters.JUnitReportReporter -->
<testsuite skipped="0" hostname="HANUMA-O6S338O" name="Demo_TestNG.Demo_TestNg.priority_TestNg" tests="4" failures="0" timestamp="21 May 2020 18:27:57 GMT" time="0.035" errors="0">
  <testcase name="a1M1" time="0.020" classname="Demo_TestNG.Demo_TestNg.priority_TestNg"/>
  <testcase name="aM1" time="0.005" classname="Demo_TestNG.Demo_TestNg.priority_TestNg"/>
  <testcase name="m1" time="0.007" classname="Demo_TestNG.Demo_TestNg.priority_TestNg"/>
  <testcase name="A2M1" time="0.003" classname="Demo_TestNG.Demo_TestNg.priority_TestNg"/>
</testsuite> <!-- Demo_TestNG.Demo_TestNg.priority_TestNg -->
