<?xml version="1.0" encoding="UTF-8"?>
<!-- Generated by org.testng.reporters.JUnitReportReporter -->
<testsuite skipped="0" hostname="HANUMA-O6S338O" name="Demo_TestNG.Demo_TestNg.TC_Login_DOM" tests="4" failures="0" timestamp="22 May 2020 18:57:01 GMT" time="0.038" errors="0">
  <testcase name="TC_Login_02" time="0.004" classname="Demo_TestNG.Demo_TestNg.TC_Login_DOM"/>
  <testcase name="TC_Login_01" time="0.027" classname="Demo_TestNG.Demo_TestNg.TC_Login_DOM"/>
  <testcase name="TC_Login_03" time="0.004" classname="Demo_TestNG.Demo_TestNg.TC_Login_DOM"/>
  <testcase name="TC_Login_04" time="0.003" classname="Demo_TestNG.Demo_TestNg.TC_Login_DOM"/>
</testsuite> <!-- Demo_TestNG.Demo_TestNg.TC_Login_DOM -->
