<?xml version="1.0" encoding="UTF-8"?>
<!-- Generated by org.testng.reporters.JUnitReportReporter -->
<testsuite name="Demo_TestNG.Demo_TestNg.TC_Login_Group" tests="2" time="0.058" ignored="3" failures="0" timestamp="10 Jun 2020 18:58:25 GMT" skipped="0" hostname="HANUMA-O6S338O" errors="0">
  <testcase name="TC_Login_01" time="0.001" classname="Demo_TestNG.Demo_TestNg.TC_Login_Group"/>
  <testcase name="TC_Login_03" time="0.057" classname="Demo_TestNG.Demo_TestNg.TC_Login_Group"/>
  <testcase name="TC_Login_02" classname="Demo_TestNG.Demo_TestNg.TC_Login_Group">
    <skipped/>
  </testcase> <!-- TC_Login_02 -->
  <testcase name="TC_Login_04" classname="Demo_TestNG.Demo_TestNg.TC_Login_Group">
    <skipped/>
  </testcase> <!-- TC_Login_04 -->
  <testcase name="TC_Home_01" classname="Demo_TestNG.Demo_TestNg.TC_Home_Group">
    <skipped/>
  </testcase> <!-- TC_Home_01 -->
</testsuite> <!-- Demo_TestNG.Demo_TestNg.TC_Login_Group -->
